
> frontend@0.0.0 dev
> vite


  VITE v8.0.8  ready in 1216 ms

  ➜  Local:   http://localhost:5177/
  ➜  Network: use --host to expose
12:35:28 [vite] (client) [console.warn] [Vue Router warn]: No match found for location with path "/datasource"
12:35:28 [vite] (client) [console.warn] [Vue Router warn]: No match found for location with path "/datasource"
12:35:31 [vite] (client) [console.warn] [Vue Router warn]: No match found for location with path "/datasource"
12:35:32 [vite] (client) [console.warn] [Vue Router warn]: No match found for location with path "/datasource"
12:35:32 [vite] (client) [console.warn] [Vue Router warn]: No match found for location with path "/datasource"
12:58:57 [vite] (client) page reload src/router/index.ts
13:08:47 [vite] (client) hmr update /src/views/datasource/DataSourceView.vue
13:08:48 [vite] (client) hmr update /src/views/datasource/DataSourceView.vue
13:08:50 [vite] (client) hmr update /src/views/datasource/DataSourceView.vue
13:08:52 [vite] (client) hmr update /src/views/datasource/DataSourceView.vue
13:09:08 [vite] (client) hmr update /src/views/datasource/DataSourceView.vue
13:09:15 [vite] (client) hmr update /src/views/datasource/DataSourceView.vue
13:09:30 [vite] (client) hmr update /src/views/datasource/DataSourceView.vue
13:09:44 [vite] (client) hmr update /src/views/datasource/DataSourceView.vue
13:09:51 [vite] (client) hmr update /src/views/datasource/DataSourceView.vue
13:09:59 [vite] (client) hmr update /src/views/datasource/DataSourceView.vue
13:10:21 [vite] (client) hmr update /src/views/datasource/DataSourceView.vue?vue&type=style&index=0&scoped=4535b541&lang.css
13:11:15 [vite] (client) hmr update /src/views/datasource/DataSourceView.vue
13:19:20 [vite] (client) hmr update /src/views/datasource/DataSourceView.vue
13:19:20 [vite] (client) [console.warn] [Vue warn]: Property "refreshing" was accessed during render but is not defined on instance. 
  at <DataSourceView onVnodeUnmounted=fn<onVnodeUnmounted> ref=Ref< {} > > 
  at <BaseTransition mode="out-in" appear=false persisted=false  ... > 
  at <Transition name="page" mode="out-in" > 
  at <RouterView> 
  at <App>
13:19:20 [vite] (client) [console.warn] [Vue warn]: Property "refreshing" was accessed during render but is not defined on instance. 
  at <DataSourceView onVnodeUnmounted=fn<onVnodeUnmounted> ref=Ref< {} > > 
  at <BaseTransition mode="out-in" appear=false persisted=false  ... > 
  at <Transition name="page" mode="out-in" > 
  at <RouterView> 
  at <App>
13:19:26 [vite] (client) [console.warn] [Vue warn]: Property "refreshing" was accessed during render but is not defined on instance. 
  at <DataSourceView onVnodeUnmounted=fn<onVnodeUnmounted> ref=Ref< {} > > 
  at <BaseTransition mode="out-in" appear=false persisted=false  ... > 
  at <Transition name="page" mode="out-in" > 
  at <RouterView> 
  at <App>
13:19:26 [vite] (client) [console.warn] [Vue warn]: Property "refreshing" was accessed during render but is not defined on instance. 
  at <DataSourceView onVnodeUnmounted=fn<onVnodeUnmounted> ref=Ref< {} > > 
  at <BaseTransition mode="out-in" appear=false persisted=false  ... > 
  at <Transition name="page" mode="out-in" > 
  at <RouterView> 
  at <App>
13:19:27 [vite] (client) hmr update /src/views/datasource/DataSourceView.vue
13:19:38 [vite] (client) hmr update /src/views/datasource/DataSourceView.vue
13:19:47 [vite] (client) hmr update /src/views/datasource/DataSourceView.vue?vue&type=style&index=0&scoped=4535b541&lang.css
13:30:04 [vite] (client) hmr update /src/views/datasource/DataSourceView.vue
13:30:06 [vite] (client) hmr update /src/views/datasource/DataSourceView.vue
13:30:42 [vite] (client) hmr update /src/views/datasource/DataSourceView.vue
13:30:58 [vite] (client) hmr update /src/views/datasource/DataSourceView.vue
13:31:09 [vite] (client) hmr update /src/views/datasource/DataSourceView.vue
13:31:25 [vite] (client) hmr update /src/views/datasource/DataSourceView.vue
13:31:32 [vite] (client) hmr update /src/views/datasource/DataSourceView.vue?vue&type=style&index=0&scoped=4535b541&lang.css
13:31:40 [vite] (client) hmr update /src/views/datasource/DataSourceView.vue?vue&type=style&index=0&scoped=4535b541&lang.css
13:32:01 [vite] (client) hmr update /src/views/datasource/DataSourceView.vue?vue&type=style&index=0&scoped=4535b541&lang.css
