Obtaining file:///Users/fuyuxiang/Desktop/python-ontology/backend
  Installing build dependencies: started
  Installing build dependencies: finished with status 'done'
  Checking if build backend supports build_editable: started
  Checking if build backend supports build_editable: finished with status 'done'
  Getting requirements to build editable: started
  Getting requirements to build editable: finished with status 'done'
  Installing backend dependencies: started
  Installing backend dependencies: finished with status 'done'
  Preparing editable metadata (pyproject.toml): started
  Preparing editable metadata (pyproject.toml): finished with status 'done'
Collecting fastapi>=0.116.0 (from python-ontology-backend==0.1.0)
  Using cached fastapi-0.135.1-py3-none-any.whl.metadata (30 kB)
Collecting owlrl>=7.1.4 (from python-ontology-backend==0.1.0)
  Using cached owlrl-7.1.4-py3-none-any.whl.metadata (3.8 kB)
Collecting pandas>=2.2.3 (from python-ontology-backend==0.1.0)
  Downloading pandas-3.0.1-cp311-cp311-macosx_10_9_x86_64.whl.metadata (79 kB)
Collecting pydantic>=2.11.0 (from python-ontology-backend==0.1.0)
  Using cached pydantic-2.12.5-py3-none-any.whl.metadata (90 kB)
Collecting pyoxigraph>=0.5.1 (from python-ontology-backend==0.1.0)
  Using cached pyoxigraph-0.5.6-cp38-abi3-macosx_10_14_x86_64.whl.metadata (5.7 kB)
Collecting pyshacl>=0.31.0 (from python-ontology-backend==0.1.0)
  Using cached pyshacl-0.31.0-py3-none-any.whl.metadata (37 kB)
Collecting python-multipart>=0.0.20 (from python-ontology-backend==0.1.0)
  Using cached python_multipart-0.0.22-py3-none-any.whl.metadata (1.8 kB)
Collecting rdflib>=7.2.1 (from python-ontology-backend==0.1.0)
  Using cached rdflib-7.6.0-py3-none-any.whl.metadata (12 kB)
Collecting typer>=0.16.0 (from python-ontology-backend==0.1.0)
  Using cached typer-0.24.1-py3-none-any.whl.metadata (16 kB)
Collecting uvicorn>=0.35.0 (from python-ontology-backend==0.1.0)
  Downloading uvicorn-0.42.0-py3-none-any.whl.metadata (6.7 kB)
Collecting starlette>=0.46.0 (from fastapi>=0.116.0->python-ontology-backend==0.1.0)
  Using cached starlette-0.52.1-py3-none-any.whl.metadata (6.3 kB)
Collecting typing-extensions>=4.8.0 (from fastapi>=0.116.0->python-ontology-backend==0.1.0)
  Using cached typing_extensions-4.15.0-py3-none-any.whl.metadata (3.3 kB)
Collecting typing-inspection>=0.4.2 (from fastapi>=0.116.0->python-ontology-backend==0.1.0)
  Using cached typing_inspection-0.4.2-py3-none-any.whl.metadata (2.6 kB)
Collecting annotated-doc>=0.0.2 (from fastapi>=0.116.0->python-ontology-backend==0.1.0)
  Using cached annotated_doc-0.0.4-py3-none-any.whl.metadata (6.6 kB)
Collecting numpy>=1.26.0 (from pandas>=2.2.3->python-ontology-backend==0.1.0)
  Downloading numpy-2.4.3-cp311-cp311-macosx_14_0_x86_64.whl.metadata (6.6 kB)
Collecting python-dateutil>=2.8.2 (from pandas>=2.2.3->python-ontology-backend==0.1.0)
  Using cached python_dateutil-2.9.0.post0-py2.py3-none-any.whl.metadata (8.4 kB)
Collecting annotated-types>=0.6.0 (from pydantic>=2.11.0->python-ontology-backend==0.1.0)
  Using cached annotated_types-0.7.0-py3-none-any.whl.metadata (15 kB)
Collecting pydantic-core==2.41.5 (from pydantic>=2.11.0->python-ontology-backend==0.1.0)
  Using cached pydantic_core-2.41.5-cp311-cp311-macosx_10_12_x86_64.whl.metadata (7.3 kB)
Collecting importlib-metadata>6 (from pyshacl>=0.31.0->python-ontology-backend==0.1.0)
  Downloading importlib_metadata-8.8.0-py3-none-any.whl.metadata (4.5 kB)
Collecting packaging>=21.3 (from pyshacl>=0.31.0->python-ontology-backend==0.1.0)
  Using cached packaging-26.0-py3-none-any.whl.metadata (3.3 kB)
Collecting prettytable>=3.5.0 (from pyshacl>=0.31.0->python-ontology-backend==0.1.0)
  Using cached prettytable-3.17.0-py3-none-any.whl.metadata (34 kB)
Collecting pyparsing<4,>=2.1.0 (from rdflib>=7.2.1->python-ontology-backend==0.1.0)
  Using cached pyparsing-3.3.2-py3-none-any.whl.metadata (5.8 kB)
Collecting click>=8.2.1 (from typer>=0.16.0->python-ontology-backend==0.1.0)
  Using cached click-8.3.1-py3-none-any.whl.metadata (2.6 kB)
Collecting shellingham>=1.3.0 (from typer>=0.16.0->python-ontology-backend==0.1.0)
  Using cached shellingham-1.5.4-py2.py3-none-any.whl.metadata (3.5 kB)
Collecting rich>=12.3.0 (from typer>=0.16.0->python-ontology-backend==0.1.0)
  Using cached rich-14.3.3-py3-none-any.whl.metadata (18 kB)
Collecting h11>=0.8 (from uvicorn>=0.35.0->python-ontology-backend==0.1.0)
  Using cached h11-0.16.0-py3-none-any.whl.metadata (8.3 kB)
Collecting zipp>=3.20 (from importlib-metadata>6->pyshacl>=0.31.0->python-ontology-backend==0.1.0)
  Using cached zipp-3.23.0-py3-none-any.whl.metadata (3.6 kB)
Collecting wcwidth (from prettytable>=3.5.0->pyshacl>=0.31.0->python-ontology-backend==0.1.0)
  Using cached wcwidth-0.6.0-py3-none-any.whl.metadata (30 kB)
Collecting six>=1.5 (from python-dateutil>=2.8.2->pandas>=2.2.3->python-ontology-backend==0.1.0)
  Using cached six-1.17.0-py2.py3-none-any.whl.metadata (1.7 kB)
Collecting html5rdf<2,>=1.2 (from rdflib[html]!=7.1.2,<8.0,>=7.1.1->pyshacl>=0.31.0->python-ontology-backend==0.1.0)
  Using cached html5rdf-1.2.1-py2.py3-none-any.whl.metadata (7.5 kB)
Collecting markdown-it-py>=2.2.0 (from rich>=12.3.0->typer>=0.16.0->python-ontology-backend==0.1.0)
  Using cached markdown_it_py-4.0.0-py3-none-any.whl.metadata (7.3 kB)
Collecting pygments<3.0.0,>=2.13.0 (from rich>=12.3.0->typer>=0.16.0->python-ontology-backend==0.1.0)
  Using cached pygments-2.19.2-py3-none-any.whl.metadata (2.5 kB)
Collecting anyio<5,>=3.6.2 (from starlette>=0.46.0->fastapi>=0.116.0->python-ontology-backend==0.1.0)
  Using cached anyio-4.12.1-py3-none-any.whl.metadata (4.3 kB)
Collecting idna>=2.8 (from anyio<5,>=3.6.2->starlette>=0.46.0->fastapi>=0.116.0->python-ontology-backend==0.1.0)
  Using cached idna-3.11-py3-none-any.whl.metadata (8.4 kB)
Collecting mdurl~=0.1 (from markdown-it-py>=2.2.0->rich>=12.3.0->typer>=0.16.0->python-ontology-backend==0.1.0)
  Using cached mdurl-0.1.2-py3-none-any.whl.metadata (1.6 kB)
Using cached fastapi-0.135.1-py3-none-any.whl (116 kB)
Using cached owlrl-7.1.4-py3-none-any.whl (51 kB)
Downloading pandas-3.0.1-cp311-cp311-macosx_10_9_x86_64.whl (10.3 MB)
   ━━━━━━━━━━━━━━━━━━━━━━━━━━━━━━━━━━━━━━━━ 10.3/10.3 MB 3.1 MB/s eta 0:00:00
Using cached pydantic-2.12.5-py3-none-any.whl (463 kB)
Using cached pydantic_core-2.41.5-cp311-cp311-macosx_10_12_x86_64.whl (2.1 MB)
Using cached pyoxigraph-0.5.6-cp38-abi3-macosx_10_14_x86_64.whl (6.1 MB)
Using cached pyshacl-0.31.0-py3-none-any.whl (1.3 MB)
Using cached python_multipart-0.0.22-py3-none-any.whl (24 kB)
Using cached rdflib-7.6.0-py3-none-any.whl (615 kB)
Using cached typer-0.24.1-py3-none-any.whl (56 kB)
Downloading uvicorn-0.42.0-py3-none-any.whl (68 kB)
Using cached annotated_doc-0.0.4-py3-none-any.whl (5.3 kB)
Using cached annotated_types-0.7.0-py3-none-any.whl (13 kB)
Using cached click-8.3.1-py3-none-any.whl (108 kB)
Using cached h11-0.16.0-py3-none-any.whl (37 kB)
Downloading importlib_metadata-8.8.0-py3-none-any.whl (27 kB)
Downloading numpy-2.4.3-cp311-cp311-macosx_14_0_x86_64.whl (6.8 MB)
   ━━━━━━━━━━━━━━━━━━━━━━━━━━━━━━━━━━━━━━━━ 6.8/6.8 MB 3.3 MB/s eta 0:00:00
Using cached packaging-26.0-py3-none-any.whl (74 kB)
Using cached prettytable-3.17.0-py3-none-any.whl (34 kB)
Using cached pyparsing-3.3.2-py3-none-any.whl (122 kB)
Using cached python_dateutil-2.9.0.post0-py2.py3-none-any.whl (229 kB)
Using cached rich-14.3.3-py3-none-any.whl (310 kB)
Using cached shellingham-1.5.4-py2.py3-none-any.whl (9.8 kB)
Using cached starlette-0.52.1-py3-none-any.whl (74 kB)
Using cached typing_extensions-4.15.0-py3-none-any.whl (44 kB)
Using cached typing_inspection-0.4.2-py3-none-any.whl (14 kB)
Using cached anyio-4.12.1-py3-none-any.whl (113 kB)
Using cached html5rdf-1.2.1-py2.py3-none-any.whl (109 kB)
Using cached markdown_it_py-4.0.0-py3-none-any.whl (87 kB)
Using cached pygments-2.19.2-py3-none-any.whl (1.2 MB)
Using cached six-1.17.0-py2.py3-none-any.whl (11 kB)
Using cached zipp-3.23.0-py3-none-any.whl (10 kB)
Using cached wcwidth-0.6.0-py3-none-any.whl (94 kB)
Using cached idna-3.11-py3-none-any.whl (71 kB)
Using cached mdurl-0.1.2-py3-none-any.whl (10.0 kB)
Building wheels for collected packages: python-ontology-backend
  Building editable for python-ontology-backend (pyproject.toml): started
  Building editable for python-ontology-backend (pyproject.toml): finished with status 'done'
  Created wheel for python-ontology-backend: filename=python_ontology_backend-0.1.0-py3-none-any.whl size=1288 sha256=939d97f54cbdebddb7187b89c2de2ec19b4e611ad2d9d2f858d87801e78fa7fc
  Stored in directory: /private/var/folders/yj/cmk3vp190sdb502fg81sryxw0000gn/T/pip-ephem-wheel-cache-2w7rpcm6/wheels/71/77/78/20960d5300543f194c464a102ac46c725ef3d3a1775c382c15
Successfully built python-ontology-backend
Installing collected packages: zipp, wcwidth, typing-extensions, six, shellingham, python-multipart, pyparsing, pyoxigraph, pygments, packaging, numpy, mdurl, idna, html5rdf, h11, click, annotated-types, annotated-doc, uvicorn, typing-inspection, rdflib, python-dateutil, pydantic-core, prettytable, markdown-it-py, importlib-metadata, anyio, starlette, rich, pydantic, pandas, owlrl, typer, pyshacl, fastapi, python-ontology-backend
Successfully installed annotated-doc-0.0.4 annotated-types-0.7.0 anyio-4.12.1 click-8.3.1 fastapi-0.135.1 h11-0.16.0 html5rdf-1.2.1 idna-3.11 importlib-metadata-8.8.0 markdown-it-py-4.0.0 mdurl-0.1.2 numpy-2.4.3 owlrl-7.1.4 packaging-26.0 pandas-3.0.1 prettytable-3.17.0 pydantic-2.12.5 pydantic-core-2.41.5 pygments-2.19.2 pyoxigraph-0.5.6 pyparsing-3.3.2 pyshacl-0.31.0 python-dateutil-2.9.0.post0 python-multipart-0.0.22 python-ontology-backend-0.1.0 rdflib-7.6.0 rich-14.3.3 shellingham-1.5.4 six-1.17.0 starlette-0.52.1 typer-0.24.1 typing-extensions-4.15.0 typing-inspection-0.4.2 uvicorn-0.42.0 wcwidth-0.6.0 zipp-3.23.0

[notice] A new release of pip is available: 24.3.1 -> 26.0.1
[notice] To update, run: /Users/fuyuxiang/Desktop/python-ontology/backend/.venv/bin/python -m pip install --upgrade pip
